<?xml version="1.0" encoding="UTF-8"?>
<!-- Generated by org.testng.reporters.JUnitXMLReporter -->
<testsuite ignored="0" hostname="DESKTOP-BTIVP0I" failures="0" tests="2" name="Default test" time="1.107" errors="0" timestamp="2021-03-24T19:52:00 IST">
  <testcase classname="com.htc.madison.BaseTest" name="@BeforeSuite start" time="-1.616595719281E9">
    <failure type="org.testng.TestNGException" message="
Parameter &amp;apos;browser&amp;apos; is required by BeforeSuite on method start but has not been marked @Optional or defined
in C:\Users\myi35000\AppData\Local\Temp\testng-eclipse--1047514715\testng-customsuite.xml">
      <![CDATA[org.testng.TestNGException: 
Parameter 'browser' is required by BeforeSuite on method start but has not been marked @Optional or defined
in C:\Users\myi35000\AppData\Local\Temp\testng-eclipse--1047514715\testng-customsuite.xml
at org.testng.internal.Parameters.createParams(Parameters.java:268)
at org.testng.internal.Parameters.createParametersForMethod(Parameters.java:356)
at org.testng.internal.Parameters.createParameters(Parameters.java:700)
at org.testng.internal.Parameters.createConfigurationParameters(Parameters.java:166)
at org.testng.internal.ConfigInvoker.invokeConfigurations(ConfigInvoker.java:301)
at org.testng.SuiteRunner.privateRun(SuiteRunner.java:327)
at org.testng.SuiteRunner.run(SuiteRunner.java:286)
at org.testng.SuiteRunnerWorker.runSuite(SuiteRunnerWorker.java:53)
at org.testng.SuiteRunnerWorker.run(SuiteRunnerWorker.java:96)
at org.testng.TestNG.runSuitesSequentially(TestNG.java:1218)
at org.testng.TestNG.runSuitesLocally(TestNG.java:1140)
at org.testng.TestNG.runSuites(TestNG.java:1069)
at org.testng.TestNG.run(TestNG.java:1037)
at org.testng.remote.AbstractRemoteTestNG.run(AbstractRemoteTestNG.java:115)
at org.testng.remote.RemoteTestNG.initAndRun(RemoteTestNG.java:251)
at org.testng.remote.RemoteTestNG.main(RemoteTestNG.java:77)
]]>
    </failure>
  </testcase> <!-- @BeforeSuite start -->
  <testcase classname="com.htc.madison.BaseTest" name="@BeforeClass browserSetup" time="-1.616595719327E9">
    <skipped/>
  </testcase> <!-- @BeforeClass browserSetup -->
  <testcase classname="com.htc.madison.BaseTest" name="@AfterMethod doLogout" time="-1.616595720374E9">
    <skipped/>
  </testcase> <!-- @AfterMethod doLogout -->
  <testcase classname="com.htc.madison.BaseTest" name="@AfterMethod doLogout" time="-1.6165957204E9">
    <skipped/>
  </testcase> <!-- @AfterMethod doLogout -->
  <testcase classname="com.htc.madison.tests.ProductPurchaseTest" name="Valid_And_Invalid_Login" time="0.0">
    <skipped/>
  </testcase> <!-- Valid_And_Invalid_Login -->
  <testcase classname="com.htc.madison.tests.ProductPurchaseTest" name="Valid_And_Invalid_Login" time="0.0">
    <skipped/>
  </testcase> <!-- Valid_And_Invalid_Login -->
</testsuite> <!-- Default test -->
