<?xml version="1.0" encoding="UTF-8"?>
<!-- Generated by org.testng.reporters.JUnitXMLReporter -->
<testsuite ignored="0" hostname="DESKTOP-BTIVP0I" failures="0" tests="1" name="NewRegistration_ValidInvalidLogin_purchaseOrderTest" time="24.135" errors="0" timestamp="2021-03-21T14:16:27 IST">
  <testcase classname="com.htc.madisonsite.BaseTest" name="@BeforeClass setup" time="24.028">
    <failure type="java.lang.NullPointerException">
      <![CDATA[java.lang.NullPointerException
at com.htc.madisonsite.page.DashBoard.<init>(DashBoard.java:14)
at com.htc.madisonsite.BaseTest.setup(BaseTest.java:68)
at java.base/java.util.ArrayList.forEach(ArrayList.java:1540)
... Removed 25 stack frames]]>
    </failure>
  </testcase> <!-- @BeforeClass setup -->
  <testcase classname="com.htc.madisonsite.BaseTest" name="@AfterTest signoff" time="0.002">
    <failure type="java.lang.NullPointerException">
      <![CDATA[java.lang.NullPointerException
at com.htc.madisonsite.BaseTest.signoff(BaseTest.java:75)
... Removed 24 stack frames]]>
    </failure>
  </testcase> <!-- @AfterTest signoff -->
  <testcase classname="com.htc.madisonsite.test.SignupTest" name="testCreateAccount_fillDetails_ShouldCreateNewAccountsuccessfully" time="0.0">
    <skipped/>
  </testcase> <!-- testCreateAccount_fillDetails_ShouldCreateNewAccountsuccessfully -->
</testsuite> <!-- NewRegistration_ValidInvalidLogin_purchaseOrderTest -->
