<?xml version="1.0" encoding="UTF-8"?>
<!-- Generated by org.testng.reporters.JUnitXMLReporter -->
<testsuite ignored="0" hostname="DESKTOP-BTIVP0I" failures="2" tests="2" name="Test" time="52.474" errors="0" timestamp="2021-03-25T20:18:52 IST">
  <testcase classname="com.htc.madisonsite.tests.ProductPurchaseTest" name="Valid_And_Invalid_Login" time="22.178">
    <failure type="org.openqa.selenium.NoSuchElementException" message="no such element: Unable to locate element: {&amp;quot;method&amp;quot;:&amp;quot;xpath&amp;quot;,&amp;quot;selector&amp;quot;:&amp;quot;//div[@class=&amp;apos;block-content&amp;apos;]//ul//li[@class=&amp;apos;current&amp;apos;]//a//strong&amp;quot;}
  (Session info: chrome=89.0.4389.90)
For documentation on this error, please visit: https://www.seleniumhq.org/exceptions/no_such_element.html
Build info: version: &amp;apos;3.141.59&amp;apos;, revision: &amp;apos;e82be7d358&amp;apos;, time: &amp;apos;2018-11-14T08:17:03&amp;apos;
System info: host: &amp;apos;DESKTOP-BTIVP0I&amp;apos;, ip: &amp;apos;192.168.43.8&amp;apos;, os.name: &amp;apos;Windows 10&amp;apos;, os.arch: &amp;apos;amd64&amp;apos;, os.version: &amp;apos;10.0&amp;apos;, java.version: &amp;apos;12.0.1&amp;apos;
Driver info: org.openqa.selenium.chrome.ChromeDriver
Capabilities {acceptInsecureCerts: false, browserName: chrome, browserVersion: 89.0.4389.90, chrome: {chromedriverVersion: 88.0.4324.96 (68dba2d8a0b14..., userDataDir: C:\Users\myi35000\AppData\L...}, goog:chromeOptions: {debuggerAddress: localhost:60321}, javascriptEnabled: true, networkConnectionEnabled: false, pageLoadStrategy: normal, platform: WINDOWS, platformName: WINDOWS, proxy: Proxy(), setWindowRect: true, strictFileInteractability: false, timeouts: {implicit: 0, pageLoad: 300000, script: 30000}, unhandledPromptBehavior: dismiss and notify, webauthn:extension:largeBlob: true, webauthn:virtualAuthenticators: true}
Session ID: 4100757da134eb7f8953ab45202a6d9f
*** Element info: {Using=xpath, value=//div[@class=&amp;apos;block-content&amp;apos;]//ul//li[@class=&amp;apos;current&amp;apos;]//a//strong}">
      <![CDATA[org.openqa.selenium.NoSuchElementException: no such element: Unable to locate element: {"method":"xpath","selector":"//div[@class='block-content']//ul//li[@class='current']//a//strong"}
  (Session info: chrome=89.0.4389.90)
For documentation on this error, please visit: https://www.seleniumhq.org/exceptions/no_such_element.html
Build info: version: '3.141.59', revision: 'e82be7d358', time: '2018-11-14T08:17:03'
System info: host: 'DESKTOP-BTIVP0I', ip: '192.168.43.8', os.name: 'Windows 10', os.arch: 'amd64', os.version: '10.0', java.version: '12.0.1'
Driver info: org.openqa.selenium.chrome.ChromeDriver
Capabilities {acceptInsecureCerts: false, browserName: chrome, browserVersion: 89.0.4389.90, chrome: {chromedriverVersion: 88.0.4324.96 (68dba2d8a0b14..., userDataDir: C:\Users\myi35000\AppData\L...}, goog:chromeOptions: {debuggerAddress: localhost:60321}, javascriptEnabled: true, networkConnectionEnabled: false, pageLoadStrategy: normal, platform: WINDOWS, platformName: WINDOWS, proxy: Proxy(), setWindowRect: true, strictFileInteractability: false, timeouts: {implicit: 0, pageLoad: 300000, script: 30000}, unhandledPromptBehavior: dismiss and notify, webauthn:extension:largeBlob: true, webauthn:virtualAuthenticators: true}
Session ID: 4100757da134eb7f8953ab45202a6d9f
*** Element info: {Using=xpath, value=//div[@class='block-content']//ul//li[@class='current']//a//strong}
at org.openqa.selenium.remote.http.W3CHttpResponseCodec.createException(W3CHttpResponseCodec.java:187)
at org.openqa.selenium.remote.http.W3CHttpResponseCodec.decode(W3CHttpResponseCodec.java:122)
at org.openqa.selenium.remote.http.W3CHttpResponseCodec.decode(W3CHttpResponseCodec.java:49)
at org.openqa.selenium.remote.HttpCommandExecutor.execute(HttpCommandExecutor.java:158)
at org.openqa.selenium.remote.service.DriverCommandExecutor.execute(DriverCommandExecutor.java:83)
at org.openqa.selenium.remote.RemoteWebDriver.execute(RemoteWebDriver.java:552)
at org.openqa.selenium.remote.RemoteWebDriver.findElement(RemoteWebDriver.java:323)
at org.openqa.selenium.remote.RemoteWebDriver.findElementByXPath(RemoteWebDriver.java:428)
at org.openqa.selenium.By$ByXPath.findElement(By.java:353)
at org.openqa.selenium.remote.RemoteWebDriver.findElement(RemoteWebDriver.java:315)
at org.openqa.selenium.support.pagefactory.DefaultElementLocator.findElement(DefaultElementLocator.java:69)
at org.openqa.selenium.support.pagefactory.internal.LocatingElementHandler.invoke(LocatingElementHandler.java:38)
at com.sun.proxy.$Proxy14.isDisplayed(Unknown Source)
at com.htc.madisonsite.utilites.Utility.waitToBeVisibile(Utility.java:29)
at com.htc.madisonsite.pages.Home.Home_Page(Home.java:29)
at com.htc.madisonsite.tests.ProductPurchaseTest.Valid_And_Invalid_Login(ProductPurchaseTest.java:18)
at java.base/java.util.ArrayList.forEach(ArrayList.java:1540)
... Removed 32 stack frames]]>
    </failure>
  </testcase> <!-- Valid_And_Invalid_Login -->
  <testcase classname="com.htc.madisonsite.tests.ProductPurchaseTest" name="Valid_And_Invalid_Login" time="21.842">
    <failure type="org.openqa.selenium.ElementClickInterceptedException" message="element click intercepted: Element &amp;lt;input id=&amp;quot;search&amp;quot; type=&amp;quot;search&amp;quot; name=&amp;quot;q&amp;quot; value=&amp;quot;&amp;quot; class=&amp;quot;input-text required-entry&amp;quot; maxlength=&amp;quot;128&amp;quot; placeholder=&amp;quot;Search entire store here...&amp;quot; autocomplete=&amp;quot;off&amp;quot;&amp;gt; is not clickable at point (1124, 157). Other element would receive the click: &amp;lt;a id=&amp;quot;lkll&amp;quot; href=&amp;quot;http://imperialteamattended.com/w7mvzzrh?dxszg=73&amp;amp;amp;refer=http%3A%2F%2Fdemo-store.seleniumacademy.com%2Fcustomer%2Faccount%2F&amp;amp;amp;kw=%5B%22my%22%2C%22account%22%5D&amp;amp;amp;key=e9e60ba23d060d0ab7cbcf9f83fc0863&amp;amp;amp;scrWidth=1366&amp;amp;amp;scrHeight=768&amp;amp;amp;tz=5.5&amp;amp;amp;v=21.3.v.1&amp;amp;amp;psid=app_front-104_1_0&amp;amp;amp;res=9.29&amp;amp;amp;dev=r&amp;quot; target=&amp;quot;_blank&amp;quot; style=&amp;quot;display: block; height: inherit;&amp;quot;&amp;gt;&amp;lt;/a&amp;gt;
  (Session info: chrome=89.0.4389.90)
Build info: version: &amp;apos;3.141.59&amp;apos;, revision: &amp;apos;e82be7d358&amp;apos;, time: &amp;apos;2018-11-14T08:17:03&amp;apos;
System info: host: &amp;apos;DESKTOP-BTIVP0I&amp;apos;, ip: &amp;apos;192.168.43.8&amp;apos;, os.name: &amp;apos;Windows 10&amp;apos;, os.arch: &amp;apos;amd64&amp;apos;, os.version: &amp;apos;10.0&amp;apos;, java.version: &amp;apos;12.0.1&amp;apos;
Driver info: org.openqa.selenium.chrome.ChromeDriver
Capabilities {acceptInsecureCerts: false, browserName: chrome, browserVersion: 89.0.4389.90, chrome: {chromedriverVersion: 88.0.4324.96 (68dba2d8a0b14..., userDataDir: C:\Users\myi35000\AppData\L...}, goog:chromeOptions: {debuggerAddress: localhost:60321}, javascriptEnabled: true, networkConnectionEnabled: false, pageLoadStrategy: normal, platform: WINDOWS, platformName: WINDOWS, proxy: Proxy(), setWindowRect: true, strictFileInteractability: false, timeouts: {implicit: 0, pageLoad: 300000, script: 30000}, unhandledPromptBehavior: dismiss and notify, webauthn:extension:largeBlob: true, webauthn:virtualAuthenticators: true}
Session ID: 4100757da134eb7f8953ab45202a6d9f">
      <![CDATA[org.openqa.selenium.ElementClickInterceptedException: element click intercepted: Element <input id="search" type="search" name="q" value="" class="input-text required-entry" maxlength="128" placeholder="Search entire store here..." autocomplete="off"> is not clickable at point (1124, 157). Other element would receive the click: <a id="lkll" href="http://imperialteamattended.com/w7mvzzrh?dxszg=73&amp;refer=http%3A%2F%2Fdemo-store.seleniumacademy.com%2Fcustomer%2Faccount%2F&amp;kw=%5B%22my%22%2C%22account%22%5D&amp;key=e9e60ba23d060d0ab7cbcf9f83fc0863&amp;scrWidth=1366&amp;scrHeight=768&amp;tz=5.5&amp;v=21.3.v.1&amp;psid=app_front-104_1_0&amp;res=9.29&amp;dev=r" target="_blank" style="display: block; height: inherit;"></a>
  (Session info: chrome=89.0.4389.90)
Build info: version: '3.141.59', revision: 'e82be7d358', time: '2018-11-14T08:17:03'
System info: host: 'DESKTOP-BTIVP0I', ip: '192.168.43.8', os.name: 'Windows 10', os.arch: 'amd64', os.version: '10.0', java.version: '12.0.1'
Driver info: org.openqa.selenium.chrome.ChromeDriver
Capabilities {acceptInsecureCerts: false, browserName: chrome, browserVersion: 89.0.4389.90, chrome: {chromedriverVersion: 88.0.4324.96 (68dba2d8a0b14..., userDataDir: C:\Users\myi35000\AppData\L...}, goog:chromeOptions: {debuggerAddress: localhost:60321}, javascriptEnabled: true, networkConnectionEnabled: false, pageLoadStrategy: normal, platform: WINDOWS, platformName: WINDOWS, proxy: Proxy(), setWindowRect: true, strictFileInteractability: false, timeouts: {implicit: 0, pageLoad: 300000, script: 30000}, unhandledPromptBehavior: dismiss and notify, webauthn:extension:largeBlob: true, webauthn:virtualAuthenticators: true}
Session ID: 4100757da134eb7f8953ab45202a6d9f
at org.openqa.selenium.remote.http.W3CHttpResponseCodec.createException(W3CHttpResponseCodec.java:187)
at org.openqa.selenium.remote.http.W3CHttpResponseCodec.decode(W3CHttpResponseCodec.java:122)
at org.openqa.selenium.remote.http.W3CHttpResponseCodec.decode(W3CHttpResponseCodec.java:49)
at org.openqa.selenium.remote.HttpCommandExecutor.execute(HttpCommandExecutor.java:158)
at org.openqa.selenium.remote.service.DriverCommandExecutor.execute(DriverCommandExecutor.java:83)
at org.openqa.selenium.remote.RemoteWebDriver.execute(RemoteWebDriver.java:552)
at org.openqa.selenium.remote.RemoteWebElement.execute(RemoteWebElement.java:285)
at org.openqa.selenium.remote.RemoteWebElement.click(RemoteWebElement.java:84)
at org.openqa.selenium.support.pagefactory.internal.LocatingElementHandler.invoke(LocatingElementHandler.java:51)
at com.sun.proxy.$Proxy14.click(Unknown Source)
at com.htc.madisonsite.pages.Home.Home_Page(Home.java:31)
at com.htc.madisonsite.tests.ProductPurchaseTest.Valid_And_Invalid_Login(ProductPurchaseTest.java:18)
at java.base/java.util.ArrayList.forEach(ArrayList.java:1540)
... Removed 36 stack frames]]>
    </failure>
  </testcase> <!-- Valid_And_Invalid_Login -->
</testsuite> <!-- Test -->
